<?xml version="1.0" encoding="UTF-8" ?>
<testsuite tests="1" failures="1" name="ie.CAs.LoghmeTest" time="0.099" errors="0" skipped="0">
  <properties>
[...]
</properties>
  <testcase classname="ie.CAs.LoghmeTest" name="testAddRestaurant" time="0.099">
    <failure message="expected:&lt;{&quot;name&quot;:[&quot;Hesturan&quot;,&quot;description&quot;:&quot;luxury&quot;,&quot;location&quot;:{&quot;x&quot;:1.0,&quot;y&quot;:3.0},&quot;menu&quot;:[{&quot;name&quot;:&quot;Gheime&quot;,&quot;description&quot;:&quot;it’s yummy!&quot;,&quot;popularity&quot;:0.8,&quot;price&quot;:20000.0},{&quot;name&quot;:&quot;Kabab&quot;,&quot;description&quot;:&quot;it’s delicious!&quot;,&quot;popularity&quot;:0.6,&quot;price&quot;:30000.]0}]}&gt; but was:&lt;{&quot;name&quot;:[ &quot;Hesturan&quot;, &quot;description&quot;: &quot;luxury&quot;, &quot;location&quot;: {&quot;x&quot;: 1, &quot;y&quot;: 3}, &quot;menu&quot;: [{&quot;name&quot;: &quot;Gheime&quot;, &quot;description&quot;: &quot;it’s yummy!&quot;, &quot;popularity&quot;: 0.8, &quot;price&quot;:20000}, {&quot;name&quot;: &quot;Kabab&quot;, &quot;description&quot;: &quot;it’s delicious!&quot;, &quot;popularity&quot;: 0.6, &quot;price&quot;:3000]0}]}&gt;" type="org.junit.ComparisonFailure">org.junit.ComparisonFailure: expected:&lt;{&quot;name&quot;:[&quot;Hesturan&quot;,&quot;description&quot;:&quot;luxury&quot;,&quot;location&quot;:{&quot;x&quot;:1.0,&quot;y&quot;:3.0},&quot;menu&quot;:[{&quot;name&quot;:&quot;Gheime&quot;,&quot;description&quot;:&quot;it’s yummy!&quot;,&quot;popularity&quot;:0.8,&quot;price&quot;:20000.0},{&quot;name&quot;:&quot;Kabab&quot;,&quot;description&quot;:&quot;it’s delicious!&quot;,&quot;popularity&quot;:0.6,&quot;price&quot;:30000.]0}]}&gt; but was:&lt;{&quot;name&quot;:[ &quot;Hesturan&quot;, &quot;description&quot;: &quot;luxury&quot;, &quot;location&quot;: {&quot;x&quot;: 1, &quot;y&quot;: 3}, &quot;menu&quot;: [{&quot;name&quot;: &quot;Gheime&quot;, &quot;description&quot;: &quot;it’s yummy!&quot;, &quot;popularity&quot;: 0.8, &quot;price&quot;:20000}, {&quot;name&quot;: &quot;Kabab&quot;, &quot;description&quot;: &quot;it’s delicious!&quot;, &quot;popularity&quot;: 0.6, &quot;price&quot;:3000]0}]}&gt;
	at org.junit.Assert.assertEquals(Assert.java:117)
	at org.junit.Assert.assertEquals(Assert.java:146)
	at ie.CAs.LoghmeTest.testAddRestaurant(LoghmeTest.java:19)
	at sun.reflect.NativeMethodAccessorImpl.invoke0(Native Method)
	at sun.reflect.NativeMethodAccessorImpl.invoke(NativeMethodAccessorImpl.java:62)
	at sun.reflect.DelegatingMethodAccessorImpl.invoke(DelegatingMethodAccessorImpl.java:43)
	at java.lang.reflect.Method.invoke(Method.java:498)
	at org.junit.runners.model.FrameworkMethod$1.runReflectiveCall(FrameworkMethod.java:59)
	at org.junit.internal.runners.model.ReflectiveCallable.run(ReflectiveCallable.java:12)
	at org.junit.runners.model.FrameworkMethod.invokeExplosively(FrameworkMethod.java:56)
	at org.junit.internal.runners.statements.InvokeMethod.evaluate(InvokeMethod.java:17)
	at org.junit.internal.runners.statements.RunBefores.evaluate(RunBefores.java:26)
	at org.junit.runners.ParentRunner$3.evaluate(ParentRunner.java:306)
	at org.junit.runners.BlockJUnit4ClassRunner$1.evaluate(BlockJUnit4ClassRunner.java:100)
	at org.junit.runners.ParentRunner.runLeaf(ParentRunner.java:366)
	at org.junit.runners.BlockJUnit4ClassRunner.runChild(BlockJUnit4ClassRunner.java:103)
	at org.junit.runners.BlockJUnit4ClassRunner.runChild(BlockJUnit4ClassRunner.java:63)
	at org.junit.runners.ParentRunner$4.run(ParentRunner.java:331)
	at org.junit.runners.ParentRunner$1.schedule(ParentRunner.java:79)
	at org.junit.runners.ParentRunner.runChildren(ParentRunner.java:329)
	at org.junit.runners.ParentRunner.access$100(ParentRunner.java:66)
	at org.junit.runners.ParentRunner$2.evaluate(ParentRunner.java:293)
	at org.junit.runners.ParentRunner$3.evaluate(ParentRunner.java:306)
	at org.junit.runners.ParentRunner.run(ParentRunner.java:413)
	at org.apache.maven.surefire.junit4.JUnit4Provider.execute(JUnit4Provider.java:252)
	at org.apache.maven.surefire.junit4.JUnit4Provider.executeTestSet(JUnit4Provider.java:141)
	at org.apache.maven.surefire.junit4.JUnit4Provider.invoke(JUnit4Provider.java:112)
	at sun.reflect.NativeMethodAccessorImpl.invoke0(Native Method)
	at sun.reflect.NativeMethodAccessorImpl.invoke(NativeMethodAccessorImpl.java:62)
	at sun.reflect.DelegatingMethodAccessorImpl.invoke(DelegatingMethodAccessorImpl.java:43)
	at java.lang.reflect.Method.invoke(Method.java:498)
	at org.apache.maven.surefire.util.ReflectionUtils.invokeMethodWithArray(ReflectionUtils.java:189)
	at org.apache.maven.surefire.booter.ProviderFactory$ProviderProxy.invoke(ProviderFactory.java:165)
	at org.apache.maven.surefire.booter.ProviderFactory.invokeProvider(ProviderFactory.java:85)
	at org.apache.maven.surefire.booter.ForkedBooter.runSuitesInProcess(ForkedBooter.java:115)
	at org.apache.maven.surefire.booter.ForkedBooter.main(ForkedBooter.java:75)
</failure>
    <system-out>&quot;Hesturan&quot; restaurant has been added successfully!
</system-out>
  </testcase>
</testsuite>